<?xml version="1.0" encoding="UTF-8"?>
<testsuites>
  <testsuite name="Sample Test Suite" tests="2" failures="1" errors="0" skipped="0">
    <testcase classname="SampleTest" name="testSuccess" time="0.1"/>
    <testcase classname="SampleTest" name="testFailure" time="0.1">
      <failure type="AssertionError">expected [true] but found [false]</failure>
    </testcase>
  </testsuite>
</testsuites>
